--- Startup times for process: Primary (or UI client) ---

times in msec
 clock   self+sourced   self:  sourced script
 clock   elapsed:              other lines

000.002  000.002: --- NVIM STARTING ---
000.551  000.549: event init
000.697  000.146: early init
000.778  000.080: locale set
000.830  000.052: init first window
001.491  000.661: inits 1
001.520  000.029: window checked
001.525  000.005: parsing arguments
002.341  000.078  000.078: require('vim.shared')
002.518  000.073  000.073: require('vim.inspect')
002.602  000.066  000.066: require('vim._options')
002.613  000.267  000.128: require('vim._editor')
002.668  000.053  000.053: require('vim._system')
002.670  000.453  000.055: require('vim._init_packages')
002.673  000.696: init lua interpreter
002.798  000.125: expanding arguments
002.834  000.036: inits 2
003.288  000.453: init highlight
003.315  000.027: clear screen
003.550  000.020  000.020: require('vim.keymap')
004.707  000.213  000.213: sourcing nvim_exec2()
004.890  001.572  001.339: require('vim._defaults')
004.893  000.006: init default mappings & autocommands
005.653  000.074  000.074: sourcing /usr/local/share/nvim/runtime/ftplugin.vim
005.754  000.036  000.036: sourcing /usr/local/share/nvim/runtime/indent.vim
006.596  000.684  000.684: require('config.options')
006.717  000.117  000.117: require('config.neovide')
007.467  000.607  000.607: require('lazy')
007.511  000.018  000.018: require('ffi')
007.596  000.053  000.053: require('vim.fs')
007.772  000.172  000.172: require('vim.uri')
007.794  000.278  000.054: require('vim.loader')
007.988  000.167  000.167: require('lazy.stats')
008.174  000.152  000.152: require('lazy.core.util')
008.658  000.480  000.480: require('lazy.core.config')
009.373  000.325  000.325: require('lazy.core.handler')
010.269  000.142  000.142: require('lazy.pkg')
010.279  000.520  000.378: require('lazy.core.meta')
010.295  000.919  000.399: require('lazy.core.plugin')
010.307  001.645  000.401: require('lazy.core.loader')
011.870  000.184  000.184: require('lazy.async')
012.755  000.526  000.526: require('lazy.manage.process')
013.341  000.582  000.582: require('lazy.terminal')
013.353  001.476  000.368: require('lazy.manage.task')
013.357  001.946  000.286: require('lazy.manage.runner')
013.363  002.246  000.300: require('lazy.manage')
013.369  002.715  000.468: require('lazy.view.commands')
013.532  000.123  000.123: require('lazy.core.fragments')
018.080  000.019  000.019: require('vim.F')
018.241  000.763  000.744: require('vim.diagnostic')
021.008  000.820  000.820: require('config.keybind_definitions')
023.714  000.055  000.055: require('lazy.core.handler.event')
023.721  000.123  000.068: require('lazy.core.handler.ft')
023.762  000.037  000.037: require('lazy.core.handler.cmd')
023.806  000.041  000.041: require('lazy.core.handler.keys')
024.284  000.010  000.010: sourcing nvim_exec2() called at /home/freja/.config/nvim/init.lua:0
024.301  000.001  000.001: sourcing nvim_exec2() called at /home/freja/.config/nvim/init.lua:0
026.197  000.129  000.129: sourcing nvim_exec2() called at /usr/local/share/nvim/runtime/filetype.lua:0
026.201  000.196  000.067: sourcing /usr/local/share/nvim/runtime/filetype.lua
026.204  000.231  000.035: sourcing nvim_exec2() called at /home/freja/.config/nvim/init.lua:0
026.916  000.263  000.263: require('snacks')
026.919  000.300  000.037: sourcing /home/freja/.local/share/nvim/lazy/snacks.nvim/plugin/snacks.lua
026.923  000.325  000.025: sourcing nvim_exec2() called at /home/freja/.config/nvim/init.lua:0
026.931  000.003  000.003: sourcing nvim_exec2() called at /home/freja/.config/nvim/init.lua:0
026.939  000.001  000.001: sourcing nvim_exec2() called at /home/freja/.config/nvim/init.lua:0
027.180  000.002  000.002: sourcing nvim_exec2() called at /home/freja/.config/nvim/init.lua:0
027.189  000.001  000.001: sourcing nvim_exec2() called at /home/freja/.config/nvim/init.lua:0
027.483  000.291  000.291: require('catppuccin')
027.886  000.068  000.068: require('catppuccin.lib.hashing')
030.385  001.813  001.813: sourcing /home/freja/.local/share/nvim/lazy/catppuccin/colors/catppuccin.vim
030.450  000.005  000.005: sourcing nvim_exec2() called at /home/freja/.config/nvim/init.lua:0
030.458  000.001  000.001: sourcing nvim_exec2() called at /home/freja/.config/nvim/init.lua:0
030.776  000.002  000.002: sourcing nvim_exec2() called at /home/freja/.config/nvim/init.lua:0
030.784  000.001  000.001: sourcing nvim_exec2() called at /home/freja/.config/nvim/init.lua:0
032.241  000.480  000.480: require('vim.lsp.protocol')
032.269  001.066  000.586: require('vim.lsp.log')
032.437  000.164  000.164: require('vim.lsp.util')
032.541  000.044  000.044: require('vim.lsp.sync')
032.547  000.107  000.063: require('vim.lsp._changetracking')
032.669  000.060  000.060: require('vim.lsp._transport')
032.748  000.005  000.005: require('string.buffer')
032.750  000.042  000.037: require('vim._stringbuffer')
032.755  000.205  000.104: require('vim.lsp.rpc')
032.836  001.921  000.379: require('vim.lsp')
033.176  000.338  000.338: require('blink.cmp')
033.297  000.056  000.056: require('blink.cmp.lib.async')
033.375  000.032  000.032: require('blink.cmp.config.utils')
033.421  000.044  000.044: require('blink.cmp.config.keymap')
033.528  000.030  000.030: require('blink.cmp.config.completion.keyword')
033.562  000.032  000.032: require('blink.cmp.config.completion.trigger')
033.596  000.032  000.032: require('blink.cmp.config.completion.list')
033.629  000.032  000.032: require('blink.cmp.config.completion.accept')
033.680  000.049  000.049: require('blink.cmp.config.completion.menu')
033.721  000.040  000.040: require('blink.cmp.config.completion.documentation')
033.750  000.027  000.027: require('blink.cmp.config.completion.ghost_text')
033.751  000.328  000.085: require('blink.cmp.config.completion')
033.835  000.083  000.083: require('blink.cmp.config.fuzzy')
033.924  000.088  000.088: require('blink.cmp.config.sources')
033.995  000.069  000.069: require('blink.cmp.config.signature')
034.042  000.046  000.046: require('blink.cmp.config.snippets')
034.083  000.039  000.039: require('blink.cmp.config.appearance')
034.150  000.066  000.066: require('blink.cmp.config.modes.cmdline')
034.202  000.051  000.051: require('blink.cmp.config.modes.term')
034.205  000.906  000.060: require('blink.cmp.config')
034.258  000.052  000.052: require('blink.cmp.lib.utils')
034.298  000.038  000.038: require('blink.cmp.lib.event_emitter')
034.303  001.125  000.073: require('blink.cmp.sources.lib')
034.326  003.468  000.083: sourcing /home/freja/.local/share/nvim/lazy/blink.cmp/plugin/blink-cmp.lua
034.330  003.494  000.027: sourcing nvim_exec2() called at /home/freja/.config/nvim/init.lua:0
034.342  000.005  000.005: sourcing nvim_exec2() called at /home/freja/.config/nvim/init.lua:0
034.351  000.001  000.001: sourcing nvim_exec2() called at /home/freja/.config/nvim/init.lua:0
034.442  000.040  000.040: require('blink-cmp')
035.988  000.067  000.067: require('blink.cmp.config.modes.types')
036.505  000.061  000.061: require('blink.cmp.fuzzy.download.system')
036.573  000.186  000.124: require('blink.cmp.fuzzy.download.files')
036.575  000.237  000.051: require('blink.cmp.fuzzy.download.git')
036.578  000.361  000.124: require('blink.cmp.fuzzy.download')
039.479  000.017  000.017: sourcing nvim_exec2() called at /home/freja/.config/nvim/init.lua:0
039.495  000.001  000.001: sourcing nvim_exec2() called at /home/freja/.config/nvim/init.lua:0
040.422  000.065  000.065: require('treesitter-context.config')
040.438  000.664  000.598: require('treesitter-context')
040.560  000.846  000.182: sourcing /home/freja/.local/share/nvim/lazy/nvim-treesitter-context/plugin/treesitter-context.lua
040.566  000.877  000.031: sourcing nvim_exec2() called at /home/freja/.config/nvim/init.lua:0
040.575  000.003  000.003: sourcing nvim_exec2() called at /home/freja/.config/nvim/init.lua:0
040.589  000.001  000.001: sourcing nvim_exec2() called at /home/freja/.config/nvim/init.lua:0
042.462  000.114  000.114: require('vim.treesitter.language')
042.514  000.048  000.048: require('vim.func')
042.582  000.065  000.065: require('vim.treesitter._range')
042.696  000.074  000.074: require('vim.func._memoize')
042.732  000.577  000.276: require('vim.treesitter.query')
042.775  000.807  000.230: require('vim.treesitter.languagetree')
042.783  001.108  000.301: require('vim.treesitter')
042.923  000.139  000.139: require('vim.treesitter.highlighter')
042.982  000.057  000.057: require('treesitter-context.util')
042.990  002.358  001.054: require('treesitter-context.render')
043.453  000.301  000.301: sourcing /home/freja/.local/share/nvim/lazy/vim-rsi/plugin/rsi.vim
043.458  000.330  000.029: sourcing nvim_exec2() called at /home/freja/.config/nvim/init.lua:0
043.466  000.002  000.002: sourcing nvim_exec2() called at /home/freja/.config/nvim/init.lua:0
043.495  000.001  000.001: sourcing nvim_exec2() called at /home/freja/.config/nvim/init.lua:0
044.071  000.312  000.312: sourcing /home/freja/.local/share/nvim/lazy/vim-sleuth/plugin/sleuth.vim
044.075  000.338  000.026: sourcing nvim_exec2() called at /home/freja/.config/nvim/init.lua:0
044.093  000.002  000.002: sourcing nvim_exec2() called at /home/freja/.config/nvim/init.lua:0
044.102  000.001  000.001: sourcing nvim_exec2() called at /home/freja/.config/nvim/init.lua:0
044.355  000.002  000.002: sourcing nvim_exec2() called at /home/freja/.config/nvim/init.lua:0
044.365  000.001  000.001: sourcing nvim_exec2() called at /home/freja/.config/nvim/init.lua:0
044.993  000.622  000.622: require('mini.ai')
045.337  000.138  000.138: require('mini.move')
045.706  000.311  000.311: require('mini.hipatterns')
046.654  000.862  000.862: require('mini.operators')
047.245  000.170  000.170: require('mini.splitjoin')
047.336  000.005  000.005: sourcing nvim_exec2() called at /home/freja/.config/nvim/init.lua:0
047.360  000.001  000.001: sourcing nvim_exec2() called at /home/freja/.config/nvim/init.lua:0
047.690  000.041  000.041: sourcing /home/freja/.local/share/nvim/lazy/vimtex/plugin/vimtex.vim
047.694  000.067  000.026: sourcing nvim_exec2() called at /home/freja/.config/nvim/init.lua:0
047.700  000.002  000.002: sourcing nvim_exec2() called at /home/freja/.config/nvim/init.lua:0
047.759  000.016  000.016: sourcing /home/freja/.local/share/nvim/lazy/vimtex/ftdetect/cls.vim
047.762  000.036  000.020: sourcing nvim_exec2() called at /home/freja/.config/nvim/init.lua:0
047.797  000.013  000.013: sourcing /home/freja/.local/share/nvim/lazy/vimtex/ftdetect/tex.vim
047.799  000.032  000.020: sourcing nvim_exec2() called at /home/freja/.config/nvim/init.lua:0
047.829  000.011  000.011: sourcing /home/freja/.local/share/nvim/lazy/vimtex/ftdetect/tikz.vim
047.831  000.029  000.018: sourcing nvim_exec2() called at /home/freja/.config/nvim/init.lua:0
047.835  000.001  000.001: sourcing nvim_exec2() called at /home/freja/.config/nvim/init.lua:0
050.311  002.023  002.023: sourcing /home/freja/.local/share/nvim/lazy/vim-visual-multi/autoload/vm/plugs.vim
050.683  000.128  000.128: sourcing /home/freja/.local/share/nvim/lazy/vim-visual-multi/autoload/vm/maps.vim
050.839  000.086  000.086: sourcing /home/freja/.local/share/nvim/lazy/vim-visual-multi/autoload/vm/maps/all.vim
051.704  003.635  001.398: sourcing /home/freja/.local/share/nvim/lazy/vim-visual-multi/plugin/visual-multi.vim
051.711  003.660  000.024: sourcing nvim_exec2() called at /home/freja/.config/nvim/init.lua:0
051.726  000.002  000.002: sourcing nvim_exec2() called at /home/freja/.config/nvim/init.lua:0
051.746  000.001  000.001: sourcing nvim_exec2() called at /home/freja/.config/nvim/init.lua:0
052.570  000.041  000.041: sourcing /home/freja/.local/share/nvim/lazy/persistent-breakpoints.nvim/plugin/persistent-breakpoints.vim
052.575  000.069  000.027: sourcing nvim_exec2() called at /home/freja/.config/nvim/init.lua:0
052.581  000.002  000.002: sourcing nvim_exec2() called at /home/freja/.config/nvim/init.lua:0
052.591  000.001  000.001: sourcing nvim_exec2() called at /home/freja/.config/nvim/init.lua:0
053.091  000.050  000.050: require('persistent-breakpoints.config')
053.095  000.128  000.078: require('persistent-breakpoints.utils')
053.146  000.050  000.050: require('persistent-breakpoints.inmemory')
053.151  000.555  000.376: require('persistent-breakpoints')
053.590  000.107  000.107: require('dap.utils')
053.598  000.307  000.199: require('dap.breakpoints')
053.608  000.396  000.090: require('persistent-breakpoints.api')
053.669  000.004  000.004: sourcing nvim_exec2() called at /home/freja/.config/nvim/init.lua:0
053.677  000.001  000.001: sourcing nvim_exec2() called at /home/freja/.config/nvim/init.lua:0
053.827  000.095  000.095: sourcing /home/freja/.local/share/nvim/lazy/nvim-dap/plugin/dap.lua
053.830  000.117  000.022: sourcing nvim_exec2() called at /home/freja/.config/nvim/init.lua:0
053.837  000.002  000.002: sourcing nvim_exec2() called at /home/freja/.config/nvim/init.lua:0
053.845  000.001  000.001: sourcing nvim_exec2() called at /home/freja/.config/nvim/init.lua:0
054.304  000.048  000.048: require('nio.tasks')
054.350  000.045  000.045: require('nio.control')
054.506  000.154  000.154: require('nio.uv')
054.549  000.041  000.041: require('nio.tests')
054.643  000.055  000.055: require('vim.ui')
054.650  000.099  000.044: require('nio.ui')
054.720  000.037  000.037: require('nio.streams')
054.722  000.071  000.034: require('nio.file')
054.816  000.028  000.028: require('nio.util')
054.904  000.073  000.073: require('vim.iter')
054.927  000.170  000.070: require('nio.logger')
054.931  000.207  000.037: require('nio.lsp')
054.965  000.032  000.032: require('nio.process')
054.973  000.915  000.216: require('nio')
055.166  000.191  000.191: require('dap')
055.482  000.020  000.020: sourcing nvim_exec2() called at /home/freja/.config/nvim/init.lua:0
055.485  000.063  000.043: require('dapui.config.highlights')
055.533  000.043  000.043: sourcing nvim_exec2() called at /home/freja/.config/nvim/init.lua:0
055.566  000.279  000.173: require('dapui.config')
055.574  000.344  000.065: require('dapui.util')
055.624  000.049  000.049: require('dapui.windows.layout')
055.630  000.462  000.069: require('dapui.windows')
055.678  000.047  000.047: require('dapui.controls')
055.683  001.773  000.158: require('dapui')
055.735  000.024  000.024: sourcing nvim_exec2() called at /home/freja/.config/nvim/init.lua:0
055.879  000.064  000.064: require('dapui.client.types')
055.882  000.124  000.060: require('dapui.client')
055.930  000.038  000.038: require('dapui.client.lib')
056.027  000.054  000.054: require('dapui.render.canvas')
056.028  000.089  000.035: require('dapui.elements.breakpoints')
056.088  000.044  000.044: require('dapui.components.breakpoints')
056.164  000.032  000.032: require('dapui.elements.repl')
056.197  000.030  000.030: require('dapui.elements.scopes')
056.272  000.035  000.035: require('dapui.components.scopes')
056.312  000.038  000.038: require('dapui.components.variables')
056.354  000.031  000.031: require('dapui.elements.stacks')
056.448  000.032  000.032: require('dapui.components.frames')
056.449  000.065  000.033: require('dapui.components.threads')
056.537  000.072  000.072: require('dapui.elements.watches')
056.589  000.040  000.040: require('dapui.components.watches')
056.632  000.030  000.030: require('dapui.elements.hover')
056.674  000.032  000.032: require('dapui.components.hover')
056.722  000.043  000.043: require('dapui.elements.console')
056.810  000.056  000.056: require('nvim-dap-virtual-text')
056.859  000.011  000.011: sourcing nvim_exec2() called at /home/freja/.config/nvim/init.lua:0
056.874  000.012  000.012: sourcing nvim_exec2() called at /home/freja/.config/nvim/init.lua:0
056.915  000.034  000.034: require('config.codelldb')
057.305  000.109  000.109: require('snacks.util')
057.360  000.435  000.327: require('snacks.notifier')
057.412  003.562  000.474: require('config.dap')
058.438  000.854  000.854: sourcing /home/freja/.local/share/nvim/lazy/vim-abolish/plugin/abolish.vim
058.443  000.883  000.029: sourcing nvim_exec2() called at /home/freja/.config/nvim/init.lua:0
058.452  000.002  000.002: sourcing nvim_exec2() called at /home/freja/.config/nvim/init.lua:0
058.464  000.001  000.001: sourcing nvim_exec2() called at /home/freja/.config/nvim/init.lua:0
058.969  000.022  000.022: sourcing /home/freja/.local/share/nvim/lazy/plenary.nvim/plugin/plenary.vim
058.973  000.048  000.026: sourcing nvim_exec2() called at /home/freja/.config/nvim/init.lua:0
058.979  000.002  000.002: sourcing nvim_exec2() called at /home/freja/.config/nvim/init.lua:0
058.994  000.001  000.001: sourcing nvim_exec2() called at /home/freja/.config/nvim/init.lua:0
059.004  000.001  000.001: sourcing nvim_exec2() called at /home/freja/.config/nvim/init.lua:0
059.010  000.001  000.001: sourcing nvim_exec2() called at /home/freja/.config/nvim/init.lua:0
059.633  000.055  000.055: require('crates.types')
059.637  000.124  000.069: require('crates.semver')
059.675  000.036  000.036: require('crates.state')
059.777  000.101  000.101: require('crates.toml')
059.785  000.366  000.105: require('crates.edit')
059.837  000.051  000.051: require('crates.util')
059.842  000.498  000.080: require('crates.actions')
059.877  000.034  000.034: require('crates.async')
060.074  000.034  000.034: require('crates.time')
060.096  000.139  000.105: require('crates.api')
060.283  000.186  000.186: require('crates.diagnostic')
060.423  000.138  000.138: require('crates.ui')
060.428  000.511  000.048: require('crates.core')
060.675  000.144  000.144: require('crates.popup.common')
060.777  000.100  000.100: require('crates.popup.crate')
060.900  000.120  000.120: require('crates.popup.dependencies')
061.011  000.110  000.110: require('crates.popup.features')
061.091  000.078  000.078: require('crates.popup.versions')
061.102  000.673  000.120: require('crates.popup')
061.118  001.240  000.055: require('crates.command')
061.970  000.851  000.851: require('crates.config')
062.069  000.097  000.097: require('crates.highlight')
062.075  003.061  000.342: require('crates')
062.770  000.005  000.005: sourcing nvim_exec2() called at /home/freja/.config/nvim/init.lua:0
062.795  000.001  000.001: sourcing nvim_exec2() called at /home/freja/.config/nvim/init.lua:0
062.816  000.001  000.001: sourcing nvim_exec2() called at /home/freja/.config/nvim/init.lua:0
062.825  000.001  000.001: sourcing nvim_exec2() called at /home/freja/.config/nvim/init.lua:0
063.063  000.002  000.002: sourcing nvim_exec2() called at /home/freja/.config/nvim/init.lua:0
063.074  000.001  000.001: sourcing nvim_exec2() called at /home/freja/.config/nvim/init.lua:0
063.453  000.264  000.264: require('blink')
063.530  000.075  000.075: require('blink.config')
063.611  000.069  000.069: require('blink.chartoggle')
063.667  000.054  000.054: require('blink.chartoggle.config')
064.453  000.085  000.085: require('nvim-treesitter.compat')
067.084  002.400  002.400: require('nvim-treesitter.parsers')
067.385  000.296  000.296: require('nvim-treesitter.utils')
067.401  002.825  000.129: require('nvim-treesitter.ts_utils')
067.415  002.959  000.134: require('nvim-treesitter.tsrange')
067.538  000.122  000.122: require('nvim-treesitter.caching')
067.570  003.331  000.165: require('nvim-treesitter.query')
067.572  003.624  000.293: require('nvim-treesitter-textsubjects')
067.591  003.656  000.032: sourcing /home/freja/.local/share/nvim/lazy/nvim-treesitter-textsubjects/plugin/nvim-treesitter-textsubjects.vim
067.595  003.683  000.028: sourcing nvim_exec2() called at /home/freja/.config/nvim/init.lua:0
067.606  000.004  000.004: sourcing nvim_exec2() called at /home/freja/.config/nvim/init.lua:0
067.621  000.001  000.001: sourcing nvim_exec2() called at /home/freja/.config/nvim/init.lua:0
068.274  000.086  000.086: require('nvim-treesitter.configs')
068.277  000.468  000.382: require('nvim-treesitter-textobjects')
068.452  000.051  000.051: require('nvim-treesitter.info')
068.529  000.075  000.075: require('nvim-treesitter.shell_command_selectors')
068.551  000.231  000.105: require('nvim-treesitter.install')
068.595  000.042  000.042: require('nvim-treesitter.statusline')
068.659  000.063  000.063: require('nvim-treesitter.query_predicates')
068.662  000.383  000.047: require('nvim-treesitter')
068.753  000.044  000.044: require('nvim-treesitter.textobjects.shared')
068.757  000.091  000.047: require('nvim-treesitter.textobjects.select')
068.865  000.040  000.040: require('nvim-treesitter.textobjects.attach')
068.920  000.053  000.053: require('nvim-treesitter.textobjects.repeatable_move')
068.926  000.143  000.050: require('nvim-treesitter.textobjects.move')
069.379  000.056  000.056: require('nvim-treesitter.textobjects.swap')
069.526  000.059  000.059: require('nvim-treesitter.textobjects.lsp_interop')
069.556  001.762  000.562: sourcing /home/freja/.local/share/nvim/lazy/nvim-treesitter-textobjects/plugin/nvim-treesitter-textobjects.vim
069.559  001.790  000.028: sourcing nvim_exec2() called at /home/freja/.config/nvim/init.lua:0
069.568  000.003  000.003: sourcing nvim_exec2() called at /home/freja/.config/nvim/init.lua:0
069.577  000.001  000.001: sourcing nvim_exec2() called at /home/freja/.config/nvim/init.lua:0
069.920  000.241  000.241: require('nvim-treesitter-refactor')
069.932  000.265  000.024: sourcing /home/freja/.local/share/nvim/lazy/nvim-treesitter-refactor/plugin/nvim-treesitter-refactor.vim
069.935  000.290  000.025: sourcing nvim_exec2() called at /home/freja/.config/nvim/init.lua:0
069.940  000.001  000.001: sourcing nvim_exec2() called at /home/freja/.config/nvim/init.lua:0
069.947  000.001  000.001: sourcing nvim_exec2() called at /home/freja/.config/nvim/init.lua:0
070.981  000.994  000.994: sourcing /home/freja/.local/share/nvim/lazy/nvim-treesitter/plugin/nvim-treesitter.lua
070.987  001.017  000.023: sourcing nvim_exec2() called at /home/freja/.config/nvim/init.lua:0
070.994  000.002  000.002: sourcing nvim_exec2() called at /home/freja/.config/nvim/init.lua:0
071.004  000.001  000.001: sourcing nvim_exec2() called at /home/freja/.config/nvim/init.lua:0
073.223  000.061  000.061: require('nvim-treesitter.locals')
073.229  000.129  000.068: require('nvim-treesitter-refactor.navigation')
073.297  000.042  000.042: require('nvim-treesitter-refactor.smart_rename')
073.408  000.056  000.056: require('nvim-treesitter.indent')
073.570  000.049  000.049: require('nvim-treesitter.highlight')
073.775  000.058  000.058: require('nvim-treesitter.incremental_selection')
074.297  000.030  000.030: require('textcase.shared.constants')
074.301  000.076  000.046: require('textcase.shared.utils')
074.361  000.033  000.033: require('utils.lsp.methods')
074.363  000.060  000.027: require('textcase.plugin.conversion')
074.367  000.189  000.054: require('strings.repeat.methods')
074.484  000.049  000.049: require('strings.coerce.methods')
074.486  000.078  000.028: require('textcase.conversions.stringcase')
074.488  000.121  000.043: require('strings.substitute.methods')
074.517  000.370  000.061: require('textcase.plugin.plugin')
074.548  000.030  000.030: require('textcase.extensions.sniplua')
074.640  000.031  000.031: require('strings.coerce.api')
074.641  000.058  000.027: require('textcase.plugin.api')
074.668  000.026  000.026: require('textcase.extensions.whichkey')
074.671  000.121  000.037: require('textcase.plugin.presets')
074.674  000.785  000.264: require('textcase')
074.720  000.845  000.060: sourcing /home/freja/.local/share/nvim/lazy/text-case.nvim/plugin/start.vim
074.724  000.872  000.027: sourcing nvim_exec2() called at /home/freja/.config/nvim/init.lua:0
074.731  000.002  000.002: sourcing nvim_exec2() called at /home/freja/.config/nvim/init.lua:0
074.740  000.001  000.001: sourcing nvim_exec2() called at /home/freja/.config/nvim/init.lua:0
076.985  000.008  000.008: sourcing nvim_exec2() called at /home/freja/.config/nvim/init.lua:0
076.997  000.001  000.001: sourcing nvim_exec2() called at /home/freja/.config/nvim/init.lua:0
077.551  000.250  000.250: require('img-clip.debug')
077.618  000.063  000.063: require('img-clip.config')
077.701  000.043  000.043: require('img-clip.mime_types')
077.704  000.085  000.042: require('img-clip.util')
077.805  000.034  000.034: require('img-clip.clipboard')
077.875  000.036  000.036: require('img-clip.fs')
077.877  000.071  000.035: require('img-clip.markup')
077.881  000.146  000.041: require('img-clip.paste')
077.915  000.209  000.064: require('img-clip')
077.928  000.671  000.064: sourcing /home/freja/.local/share/nvim/lazy/img-clip.nvim/plugin/img-clip.lua
077.932  000.699  000.028: sourcing nvim_exec2() called at /home/freja/.config/nvim/init.lua:0
077.939  000.002  000.002: sourcing nvim_exec2() called at /home/freja/.config/nvim/init.lua:0
077.947  000.001  000.001: sourcing nvim_exec2() called at /home/freja/.config/nvim/init.lua:0
078.309  000.035  000.035: sourcing /home/freja/.local/share/nvim/lazy/nvim-web-devicons/plugin/nvim-web-devicons.vim
078.313  000.060  000.025: sourcing nvim_exec2() called at /home/freja/.config/nvim/init.lua:0
078.318  000.002  000.002: sourcing nvim_exec2() called at /home/freja/.config/nvim/init.lua:0
078.325  000.001  000.001: sourcing nvim_exec2() called at /home/freja/.config/nvim/init.lua:0
078.333  000.001  000.001: sourcing nvim_exec2() called at /home/freja/.config/nvim/init.lua:0
078.338  000.001  000.001: sourcing nvim_exec2() called at /home/freja/.config/nvim/init.lua:0
079.065  000.003  000.003: sourcing nvim_exec2() called at /home/freja/.config/nvim/init.lua:0
079.073  000.001  000.001: sourcing nvim_exec2() called at /home/freja/.config/nvim/init.lua:0
079.166  000.042  000.042: sourcing /home/freja/.local/share/nvim/lazy/recipe.nvim/plugin/recipe.lua
079.168  000.064  000.023: sourcing nvim_exec2() called at /home/freja/.config/nvim/init.lua:0
079.180  000.001  000.001: sourcing nvim_exec2() called at /home/freja/.config/nvim/init.lua:0
079.186  000.001  000.001: sourcing nvim_exec2() called at /home/freja/.config/nvim/init.lua:0
079.645  000.035  000.035: require('plenary.tbl')
079.649  000.073  000.038: require('plenary.vararg.rotate')
079.650  000.109  000.036: require('plenary.vararg')
079.690  000.038  000.038: require('plenary.errors')
079.720  000.029  000.029: require('plenary.functional')
079.723  000.223  000.046: require('plenary.async.async')
079.851  000.028  000.028: require('plenary.async.structs')
079.856  000.067  000.039: require('plenary.async.control')
079.862  000.103  000.036: require('plenary.async.util')
079.864  000.139  000.035: require('plenary.async.tests')
079.866  000.412  000.051: require('plenary.async')
080.049  000.182  000.182: require('recipe.util')
080.146  000.056  000.056: require('recipe.config')
080.394  000.047  000.047: require('plenary.bit')
080.425  000.194  000.146: require('plenary.path')
080.542  000.363  000.169: require('plenary.log')
080.564  000.417  000.054: require('recipe.logger')
080.573  000.522  000.050: require('recipe.lib')
080.730  000.050  000.050: require('nui.object')
080.907  000.067  000.067: require('vim.version')
082.302  001.527  001.459: require('nui.utils')
082.315  001.584  000.057: require('nui.text')
082.353  001.713  000.080: require('nui.line')
082.467  000.036  000.036: require('nui.tree.util')
082.492  000.138  000.102: require('nui.tree')
082.497  001.922  000.072: require('recipe.recipe')
082.537  000.036  000.036: require('recipe.statusline')
082.552  000.011  000.011: sourcing nvim_exec2() called at /home/freja/.config/nvim/init.lua:0
082.555  003.336  000.251: require('recipe')
082.751  000.046  000.046: require('vim.secure')
082.797  000.044  000.044: require('recipe.providers')
082.799  000.147  000.057: require('recipe.providers.recipes')
082.849  000.048  000.048: require('recipe.providers.lsp')
082.886  000.035  000.035: require('recipe.providers.make')
082.918  000.031  000.031: require('recipe.providers.custom')
082.949  000.029  000.029: require('recipe.providers.ft')
083.211  000.047  000.047: require('recipe.cache')
083.310  000.069  000.069: require('plenary.async.uv_async')
083.332  004.946  001.134: require('recipe.recipe')
083.334  004.993  000.047: require('config.tabline')
083.550  000.067  000.067: require('config.palette')
083.735  000.047  000.047: require('lualine_require')
084.067  000.515  000.468: require('lualine')
084.482  000.021  000.021: sourcing nvim_exec2() called at /home/freja/.config/nvim/init.lua:0
084.902  000.007  000.007: sourcing nvim_exec2() called at /home/freja/.config/nvim/init.lua:0
084.917  000.004  000.004: sourcing nvim_exec2() called at /home/freja/.config/nvim/init.lua:0
084.928  000.003  000.003: sourcing nvim_exec2() called at /home/freja/.config/nvim/init.lua:0
084.935  000.002  000.002: sourcing nvim_exec2() called at /home/freja/.config/nvim/init.lua:0
084.942  000.003  000.003: sourcing nvim_exec2() called at /home/freja/.config/nvim/init.lua:0
084.950  000.002  000.002: sourcing nvim_exec2() called at /home/freja/.config/nvim/init.lua:0
084.955  000.002  000.002: sourcing nvim_exec2() called at /home/freja/.config/nvim/init.lua:0
084.964  000.002  000.002: sourcing nvim_exec2() called at /home/freja/.config/nvim/init.lua:0
084.969  000.002  000.002: sourcing nvim_exec2() called at /home/freja/.config/nvim/init.lua:0
084.975  000.002  000.002: sourcing nvim_exec2() called at /home/freja/.config/nvim/init.lua:0
085.009  000.002  000.002: sourcing nvim_exec2() called at /home/freja/.config/nvim/init.lua:0
085.015  000.002  000.002: sourcing nvim_exec2() called at /home/freja/.config/nvim/init.lua:0
085.021  000.002  000.002: sourcing nvim_exec2() called at /home/freja/.config/nvim/init.lua:0
085.028  000.001  000.001: sourcing nvim_exec2() called at /home/freja/.config/nvim/init.lua:0
085.033  000.002  000.002: sourcing nvim_exec2() called at /home/freja/.config/nvim/init.lua:0
085.041  000.002  000.002: sourcing nvim_exec2() called at /home/freja/.config/nvim/init.lua:0
085.047  000.002  000.002: sourcing nvim_exec2() called at /home/freja/.config/nvim/init.lua:0
085.054  000.004  000.004: sourcing nvim_exec2() called at /home/freja/.config/nvim/init.lua:0
085.062  000.002  000.002: sourcing nvim_exec2() called at /home/freja/.config/nvim/init.lua:0
085.067  000.002  000.002: sourcing nvim_exec2() called at /home/freja/.config/nvim/init.lua:0
085.072  000.002  000.002: sourcing nvim_exec2() called at /home/freja/.config/nvim/init.lua:0
085.088  000.012  000.012: sourcing nvim_exec2() called at /home/freja/.config/nvim/init.lua:0
085.794  000.053  000.053: require('lualine.utils.mode')
085.918  000.005  000.005: sourcing nvim_exec2() called at /home/freja/.config/nvim/init.lua:0
085.927  000.002  000.002: sourcing nvim_exec2() called at /home/freja/.config/nvim/init.lua:0
085.935  000.002  000.002: sourcing nvim_exec2() called at /home/freja/.config/nvim/init.lua:0
085.941  000.002  000.002: sourcing nvim_exec2() called at /home/freja/.config/nvim/init.lua:0
085.946  000.001  000.001: sourcing nvim_exec2() called at /home/freja/.config/nvim/init.lua:0
085.953  000.002  000.002: sourcing nvim_exec2() called at /home/freja/.config/nvim/init.lua:0
085.959  000.002  000.002: sourcing nvim_exec2() called at /home/freja/.config/nvim/init.lua:0
086.025  000.002  000.002: sourcing nvim_exec2() called at /home/freja/.config/nvim/init.lua:0
086.031  000.002  000.002: sourcing nvim_exec2() called at /home/freja/.config/nvim/init.lua:0
086.036  000.001  000.001: sourcing nvim_exec2() called at /home/freja/.config/nvim/init.lua:0
086.043  000.002  000.002: sourcing nvim_exec2() called at /home/freja/.config/nvim/init.lua:0
086.048  000.002  000.002: sourcing nvim_exec2() called at /home/freja/.config/nvim/init.lua:0
086.056  000.002  000.002: sourcing nvim_exec2() called at /home/freja/.config/nvim/init.lua:0
086.061  000.001  000.001: sourcing nvim_exec2() called at /home/freja/.config/nvim/init.lua:0
086.504  000.004  000.004: sourcing nvim_exec2() called at /home/freja/.config/nvim/init.lua:0
086.514  000.002  000.002: sourcing nvim_exec2() called at /home/freja/.config/nvim/init.lua:0
086.522  000.002  000.002: sourcing nvim_exec2() called at /home/freja/.config/nvim/init.lua:0
086.527  000.002  000.002: sourcing nvim_exec2() called at /home/freja/.config/nvim/init.lua:0
086.532  000.001  000.001: sourcing nvim_exec2() called at /home/freja/.config/nvim/init.lua:0
086.540  000.002  000.002: sourcing nvim_exec2() called at /home/freja/.config/nvim/init.lua:0
086.546  000.002  000.002: sourcing nvim_exec2() called at /home/freja/.config/nvim/init.lua:0
086.583  000.002  000.002: sourcing nvim_exec2() called at /home/freja/.config/nvim/init.lua:0
086.631  000.002  000.002: sourcing nvim_exec2() called at /home/freja/.config/nvim/init.lua:0
086.638  000.002  000.002: sourcing nvim_exec2() called at /home/freja/.config/nvim/init.lua:0
086.680  000.004  000.004: sourcing nvim_exec2() called at /home/freja/.config/nvim/init.lua:0
086.688  000.002  000.002: sourcing nvim_exec2() called at /home/freja/.config/nvim/init.lua:0
086.694  000.001  000.001: sourcing nvim_exec2() called at /home/freja/.config/nvim/init.lua:0
086.699  000.002  000.002: sourcing nvim_exec2() called at /home/freja/.config/nvim/init.lua:0
086.709  000.002  000.002: sourcing nvim_exec2() called at /home/freja/.config/nvim/init.lua:0
086.714  000.002  000.002: sourcing nvim_exec2() called at /home/freja/.config/nvim/init.lua:0
086.722  000.002  000.002: sourcing nvim_exec2() called at /home/freja/.config/nvim/init.lua:0
086.727  000.002  000.002: sourcing nvim_exec2() called at /home/freja/.config/nvim/init.lua:0
086.735  000.002  000.002: sourcing nvim_exec2() called at /home/freja/.config/nvim/init.lua:0
086.740  000.002  000.002: sourcing nvim_exec2() called at /home/freja/.config/nvim/init.lua:0
086.745  000.002  000.002: sourcing nvim_exec2() called at /home/freja/.config/nvim/init.lua:0
086.754  000.002  000.002: sourcing nvim_exec2() called at /home/freja/.config/nvim/init.lua:0
086.772  000.002  000.002: sourcing nvim_exec2() called at /home/freja/.config/nvim/init.lua:0
086.780  000.002  000.002: sourcing nvim_exec2() called at /home/freja/.config/nvim/init.lua:0
086.787  000.002  000.002: sourcing nvim_exec2() called at /home/freja/.config/nvim/init.lua:0
086.792  000.002  000.002: sourcing nvim_exec2() called at /home/freja/.config/nvim/init.lua:0
086.799  000.002  000.002: sourcing nvim_exec2() called at /home/freja/.config/nvim/init.lua:0
086.804  000.002  000.002: sourcing nvim_exec2() called at /home/freja/.config/nvim/init.lua:0
086.977  000.003  000.003: sourcing nvim_exec2() called at /home/freja/.config/nvim/init.lua:0
086.984  000.002  000.002: sourcing nvim_exec2() called at /home/freja/.config/nvim/init.lua:0
086.992  000.002  000.002: sourcing nvim_exec2() called at /home/freja/.config/nvim/init.lua:0
086.997  000.002  000.002: sourcing nvim_exec2() called at /home/freja/.config/nvim/init.lua:0
087.002  000.001  000.001: sourcing nvim_exec2() called at /home/freja/.config/nvim/init.lua:0
087.043  000.002  000.002: sourcing nvim_exec2() called at /home/freja/.config/nvim/init.lua:0
087.050  000.001  000.001: sourcing nvim_exec2() called at /home/freja/.config/nvim/init.lua:0
087.179  000.002  000.002: sourcing nvim_exec2() called at /home/freja/.config/nvim/init.lua:0
087.189  000.002  000.002: sourcing nvim_exec2() called at /home/freja/.config/nvim/init.lua:0
087.198  000.002  000.002: sourcing nvim_exec2() called at /home/freja/.config/nvim/init.lua:0
087.205  000.002  000.002: sourcing nvim_exec2() called at /home/freja/.config/nvim/init.lua:0
087.214  000.003  000.003: sourcing nvim_exec2() called at /home/freja/.config/nvim/init.lua:0
087.226  000.002  000.002: sourcing nvim_exec2() called at /home/freja/.config/nvim/init.lua:0
087.232  000.001  000.001: sourcing nvim_exec2() called at /home/freja/.config/nvim/init.lua:0
087.486  000.017  000.017: sourcing nvim_exec2() called at /home/freja/.config/nvim/init.lua:0
087.496  000.005  000.005: sourcing nvim_exec2() called at /home/freja/.config/nvim/init.lua:0
087.683  000.003  000.003: sourcing nvim_exec2() called at /home/freja/.config/nvim/init.lua:0
087.691  000.002  000.002: sourcing nvim_exec2() called at /home/freja/.config/nvim/init.lua:0
087.701  000.002  000.002: sourcing nvim_exec2() called at /home/freja/.config/nvim/init.lua:0
087.744  000.002  000.002: sourcing nvim_exec2() called at /home/freja/.config/nvim/init.lua:0
087.769  000.002  000.002: sourcing nvim_exec2() called at /home/freja/.config/nvim/init.lua:0
087.778  000.001  000.001: sourcing nvim_exec2() called at /home/freja/.config/nvim/init.lua:0
087.799  000.002  000.002: sourcing nvim_exec2() called at /home/freja/.config/nvim/init.lua:0
087.865  000.002  000.002: sourcing nvim_exec2() called at /home/freja/.config/nvim/init.lua:0
087.891  000.002  000.002: sourcing nvim_exec2() called at /home/freja/.config/nvim/init.lua:0
087.905  000.002  000.002: sourcing nvim_exec2() called at /home/freja/.config/nvim/init.lua:0
087.912  000.002  000.002: sourcing nvim_exec2() called at /home/freja/.config/nvim/init.lua:0
087.919  000.002  000.002: sourcing nvim_exec2() called at /home/freja/.config/nvim/init.lua:0
087.928  000.002  000.002: sourcing nvim_exec2() called at /home/freja/.config/nvim/init.lua:0
087.934  000.002  000.002: sourcing nvim_exec2() called at /home/freja/.config/nvim/init.lua:0
087.947  000.002  000.002: sourcing nvim_exec2() called at /home/freja/.config/nvim/init.lua:0
087.953  000.002  000.002: sourcing nvim_exec2() called at /home/freja/.config/nvim/init.lua:0
088.009  000.002  000.002: sourcing nvim_exec2() called at /home/freja/.config/nvim/init.lua:0
088.047  000.002  000.002: sourcing nvim_exec2() called at /home/freja/.config/nvim/init.lua:0
088.078  000.002  000.002: sourcing nvim_exec2() called at /home/freja/.config/nvim/init.lua:0
088.132  000.002  000.002: sourcing nvim_exec2() called at /home/freja/.config/nvim/init.lua:0
088.154  000.002  000.002: sourcing nvim_exec2() called at /home/freja/.config/nvim/init.lua:0
088.167  000.002  000.002: sourcing nvim_exec2() called at /home/freja/.config/nvim/init.lua:0
088.174  000.001  000.001: sourcing nvim_exec2() called at /home/freja/.config/nvim/init.lua:0
088.185  000.002  000.002: sourcing nvim_exec2() called at /home/freja/.config/nvim/init.lua:0
088.192  000.002  000.002: sourcing nvim_exec2() called at /home/freja/.config/nvim/init.lua:0
088.282  000.003  000.003: sourcing nvim_exec2() called at /home/freja/.config/nvim/init.lua:0
088.295  000.002  000.002: sourcing nvim_exec2() called at /home/freja/.config/nvim/init.lua:0
088.304  000.002  000.002: sourcing nvim_exec2() called at /home/freja/.config/nvim/init.lua:0
088.727  000.011  000.011: sourcing nvim_exec2() called at /home/freja/.config/nvim/init.lua:0
088.764  000.007  000.007: sourcing nvim_exec2() called at /home/freja/.config/nvim/init.lua:0
088.784  000.016  000.016: sourcing nvim_exec2() called at /home/freja/.config/nvim/init.lua:0
088.794  000.007  000.007: sourcing nvim_exec2() called at /home/freja/.config/nvim/init.lua:0
088.806  000.004  000.004: sourcing nvim_exec2() called at /home/freja/.config/nvim/init.lua:0
088.819  000.010  000.010: sourcing nvim_exec2() called at /home/freja/.config/nvim/init.lua:0
088.845  000.006  000.006: sourcing nvim_exec2() called at /home/freja/.config/nvim/init.lua:0
088.968  000.002  000.002: sourcing nvim_exec2() called at /home/freja/.config/nvim/init.lua:0
088.978  000.001  000.001: sourcing nvim_exec2() called at /home/freja/.config/nvim/init.lua:0
089.553  000.097  000.097: require('graphene.util')
089.619  000.058  000.058: require('graphene.clipboard')
089.624  000.259  000.104: require('graphene.actions')
089.969  000.160  000.160: require('nvim-web-devicons.filetypes')
090.523  000.432  000.432: require('nvim-web-devicons.default.icons_by_filename')
092.008  001.484  001.484: require('nvim-web-devicons.default.icons_by_file_extension')
092.183  000.171  000.171: require('nvim-web-devicons.default.icons_by_operating_system')
092.258  000.073  000.073: require('nvim-web-devicons.default.icons_by_desktop_environment')
092.333  000.072  000.072: require('nvim-web-devicons.default.icons_by_window_manager')
092.334  002.294  000.062: require('nvim-web-devicons.icons-default')
092.738  003.052  000.598: require('nvim-web-devicons')
092.745  003.117  000.065: require('graphene.icons')
092.753  003.457  000.081: require('graphene.config')
092.836  000.082  000.082: require('graphene.context')
092.840  003.857  000.318: require('graphene')
093.395  000.005  000.005: sourcing nvim_exec2() called at /home/freja/.config/nvim/init.lua:0
093.407  000.001  000.001: sourcing nvim_exec2() called at /home/freja/.config/nvim/init.lua:0
093.669  000.002  000.002: sourcing nvim_exec2() called at /home/freja/.config/nvim/init.lua:0
093.677  000.001  000.001: sourcing nvim_exec2() called at /home/freja/.config/nvim/init.lua:0
093.908  000.001  000.001: sourcing nvim_exec2() called at /home/freja/.config/nvim/init.lua:0
093.914  000.001  000.001: sourcing nvim_exec2() called at /home/freja/.config/nvim/init.lua:0
094.261  000.072  000.072: sourcing /home/freja/.local/share/nvim/lazy/mason-tool-installer.nvim/plugin/mason-tool-installer.lua
094.264  000.100  000.029: sourcing nvim_exec2() called at /home/freja/.config/nvim/init.lua:0
094.270  000.002  000.002: sourcing nvim_exec2() called at /home/freja/.config/nvim/init.lua:0
094.278  000.001  000.001: sourcing nvim_exec2() called at /home/freja/.config/nvim/init.lua:0
094.939  000.537  000.537: require('lspconfig.util')
094.958  000.634  000.098: sourcing /home/freja/.local/share/nvim/lazy/nvim-lspconfig/plugin/lspconfig.lua
094.962  000.657  000.022: sourcing nvim_exec2() called at /home/freja/.config/nvim/init.lua:0
094.968  000.002  000.002: sourcing nvim_exec2() called at /home/freja/.config/nvim/init.lua:0
094.978  000.001  000.001: sourcing nvim_exec2() called at /home/freja/.config/nvim/init.lua:0
095.044  000.062  000.062: require('neoconf')
095.220  000.112  000.112: require('vim.health')
095.225  000.179  000.066: require('neoconf.health')
095.395  000.079  000.079: require('neoconf.config')
095.405  000.179  000.100: require('neoconf.util')
095.560  000.069  000.069: require('lspconfig.async')
095.562  000.153  000.084: require('lspconfig.configs')
095.627  000.052  000.052: require('neoconf.import')
095.800  000.083  000.083: require('neoconf.settings')
095.804  000.153  000.070: require('neoconf.commands')
100.175  004.266  004.266: require('vim.filetype')
100.972  000.088  000.088: require('neoconf.plugins')
101.023  000.048  000.048: require('neoconf.plugins.lspconfig')
101.170  000.041  000.041: require('neoconf.schema')
101.173  000.082  000.041: require('neoconf.plugins.jsonls')
101.209  000.033  000.033: require('neoconf.plugins.lua_ls')
101.630  000.029  000.029: require('mason-core.functional.data')
101.670  000.037  000.037: require('mason-core.functional.function')
101.723  000.047  000.047: require('mason-core.functional.list')
101.786  000.033  000.033: require('mason-core.functional.relation')
101.822  000.032  000.032: require('mason-core.functional.logic')
101.853  000.029  000.029: require('mason-core.functional.number')
101.899  000.041  000.041: require('mason-core.functional.string')
101.936  000.033  000.033: require('mason-core.functional.table')
101.969  000.029  000.029: require('mason-core.functional.type')
101.972  000.414  000.104: require('mason-core.functional')
102.001  000.028  000.028: require('mason-core.path')
102.055  000.052  000.052: require('mason.settings')
102.080  000.562  000.068: require('mason-core.log')
102.083  000.597  000.036: require('mason-core.EventEmitter')
102.219  000.098  000.098: require('mason-core.platform')
102.224  000.139  000.041: require('mason-core.installer.InstallLocation')
102.275  000.050  000.050: require('mason-registry.sources')
102.280  000.849  000.063: require('mason-registry')
102.309  000.028  000.028: require('mason.version')
102.316  000.944  000.067: require('mason-tool-installer')
102.392  000.029  000.029: require('mason-lspconfig.settings')
102.395  000.068  000.040: require('mason-lspconfig')
102.725  000.037  000.037: require('mason')
102.828  000.076  000.076: require('mason.api.command')
102.889  000.048  000.048: require('mason-core.async')
102.966  000.039  000.039: require('mason-core.async.control')
103.006  000.038  000.038: require('mason-core.result')
103.072  000.028  000.028: require('mason-core.async.uv')
103.078  000.071  000.043: require('mason-core.fs')
103.090  000.200  000.052: require('mason-registry.installer')
103.203  000.033  000.033: require('mason-core.optional')
103.372  000.098  000.098: require('mason-core.process')
103.420  000.047  000.047: require('mason-core.spawn')
103.423  000.182  000.037: require('mason-core.installer.managers.powershell')
103.426  000.221  000.039: require('mason-core.fetch')
103.458  000.030  000.030: require('mason-core.providers')
103.659  000.074  000.074: require('mason-core.purl')
103.667  000.121  000.047: require('mason-core.package.AbstractPackage')
103.848  000.040  000.040: require('mason-core.installer.compiler.expr')
103.854  000.098  000.058: require('mason-core.installer.compiler.link')
104.038  000.030  000.030: require('mason-core.installer.context.InstallContextCwd')
104.072  000.033  000.033: require('mason-core.installer.context.InstallContextFs')
104.102  000.028  000.028: require('mason-core.installer.context.InstallContextSpawn')
104.142  000.038  000.038: require('mason-core.receipt')
104.160  000.198  000.068: require('mason-core.installer.context')
104.161  000.226  000.029: require('mason-core.installer')
104.172  000.284  000.058: require('mason-core.installer.managers.std')
104.174  000.318  000.034: require('mason-core.installer.compiler.schemas')
104.208  000.033  000.033: require('mason-core.installer.compiler.util')
104.235  000.524  000.075: require('mason-core.installer.compiler')
104.278  000.041  000.041: require('mason-core.installer.linker')
104.281  000.613  000.048: require('mason-core.installer.InstallRunner')
104.316  000.034  000.034: require('mason-core.installer.UninstallRunner')
104.321  000.823  000.056: require('mason-core.package')
104.323  000.864  000.041: require('mason-registry.sources.util')
104.330  001.203  000.054: require('mason-registry.sources.github')
109.165  000.039  000.039: require('mason-lspconfig.mappings')
109.169  000.083  000.044: require('mason-lspconfig.features.automatic_enable')
114.519  000.036  000.036: require('mason-lspconfig.notify')
114.541  000.144  000.108: require('mason-lspconfig.api.command')
114.563  000.007  000.007: sourcing nvim_exec2() called at /home/freja/.config/nvim/init.lua:0
114.572  000.001  000.001: sourcing nvim_exec2() called at /home/freja/.config/nvim/init.lua:0
114.615  000.039  000.039: require('neodev')
114.651  000.034  000.034: require('neodev.config')
114.786  000.041  000.041: require('neodev.util')
114.789  000.091  000.050: require('neodev.lsp')
114.859  000.002  000.002: sourcing nvim_exec2() called at /home/freja/.config/nvim/init.lua:0
114.866  000.001  000.001: sourcing nvim_exec2() called at /home/freja/.config/nvim/init.lua:0
115.455  000.063  000.063: require('fidget.spinner.patterns')
115.458  000.097  000.034: require('fidget.spinner')
115.548  000.047  000.047: require('fidget.health')
115.550  000.089  000.043: require('fidget.options')
115.594  000.284  000.098: require('fidget.progress.display')
115.721  000.073  000.073: require('fidget.logger')
116.206  000.133  000.133: require('vim.lsp.completion')
116.241  000.517  000.383: require('vim.lsp.handlers')
116.248  000.652  000.063: require('fidget.progress.lsp')
116.686  000.057  000.057: require('fidget.poll')
116.691  000.116  000.059: require('fidget.notification.model')
117.081  000.388  000.388: require('fidget.notification.window')
117.151  000.068  000.068: require('fidget.notification.view')
117.180  000.879  000.307: require('fidget.notification')
117.184  000.935  000.056: require('fidget.progress.handle')
117.213  001.957  000.087: require('fidget.progress')
117.327  000.111  000.111: require('fidget.commands')
117.409  000.042  000.042: require('fidget.integration.nvim-tree')
117.449  000.038  000.038: require('fidget.integration.xcodebuild-nvim')
117.454  000.125  000.045: require('fidget.integration')
117.487  002.542  000.349: require('fidget')
117.620  000.006  000.006: sourcing nvim_exec2() called at /home/freja/.config/nvim/init.lua:0
117.628  000.001  000.001: sourcing nvim_exec2() called at /home/freja/.config/nvim/init.lua:0
118.012  000.047  000.047: require('stickybuf.util')
118.018  000.387  000.340: require('stickybuf')
118.360  000.002  000.002: sourcing nvim_exec2() called at /home/freja/.config/nvim/init.lua:0
118.368  000.001  000.001: sourcing nvim_exec2() called at /home/freja/.config/nvim/init.lua:0
118.409  000.001  000.001: sourcing nvim_exec2() called at /home/freja/.config/nvim/init.lua:0
118.414  000.001  000.001: sourcing nvim_exec2() called at /home/freja/.config/nvim/init.lua:0
118.808  000.077  000.077: require('ufo.utils')
118.813  000.376  000.300: require('ufo')
118.951  000.032  000.032: require('ufo.lib.disposable')
119.008  000.056  000.056: require('ufo.lib.log')
119.010  000.130  000.042: require('ufo.lib.event')
119.164  000.032  000.032: require('promise-async.utils')
119.207  000.042  000.042: require('promise-async.error')
119.256  000.043  000.043: require('promise-async.loop')
119.262  000.207  000.091: require('promise')
119.266  000.254  000.047: require('ufo.provider')
119.382  000.058  000.058: require('ufo.config')
119.481  000.055  000.055: require('promise-async.compat')
119.486  000.103  000.048: require('async')
119.625  000.044  000.044: require('ufo.model.buffer')
119.664  000.038  000.038: require('ufo.model.foldedline')
119.776  000.041  000.041: require('ufo.highlight')
119.814  000.037  000.037: require('ufo.render.extmark')
119.849  000.034  000.034: require('ufo.render.treesitter')
119.882  000.031  000.031: require('ufo.render.match')
119.885  000.220  000.077: require('ufo.render')
119.893  000.360  000.058: require('ufo.model.foldbuffer')
119.935  000.040  000.040: require('ufo.bufmanager')
120.194  000.066  000.066: require('ufo.wffi')
120.196  000.260  000.194: require('ufo.fold.driver')
120.201  000.713  000.053: require('ufo.fold.manager')
120.242  000.037  000.037: require('ufo.lib.debounce')
120.248  000.980  000.069: require('ufo.fold')
120.399  000.080  000.080: require('ufo.model.window')
120.409  000.160  000.080: require('ufo.decorator')
120.643  000.122  000.122: require('ufo.preview.floatwin')
120.698  000.054  000.054: require('ufo.preview.scrollbar')
120.759  000.059  000.059: require('ufo.preview.winbar')
120.835  000.075  000.075: require('ufo.preview.keymap')
120.844  000.434  000.124: require('ufo.preview')
120.854  002.039  000.081: require('ufo.main')
120.883  000.023  000.023: sourcing nvim_exec2() called at /home/freja/.config/nvim/init.lua:0
120.965  000.006  000.006: sourcing nvim_exec2() called at /home/freja/.config/nvim/init.lua:0
120.973  000.002  000.002: sourcing nvim_exec2() called at /home/freja/.config/nvim/init.lua:0
120.987  000.011  000.011: sourcing nvim_exec2() called at /home/freja/.config/nvim/init.lua:0
121.214  000.003  000.003: sourcing nvim_exec2() called at /home/freja/.config/nvim/init.lua:0
121.227  000.001  000.001: sourcing nvim_exec2() called at /home/freja/.config/nvim/init.lua:0
122.324  000.113  000.113: require('auto-session.config')
122.329  000.237  000.124: require('auto-session.logger')
122.369  000.498  000.261: require('auto-session.lib')
122.388  001.152  000.654: require('auto-session')
123.206  000.146  000.146: require('auto-session.autocmds')
123.379  000.089  000.089: require('auto-session.pickers.telescope')
123.620  000.006  000.006: sourcing nvim_exec2() called at /home/freja/.config/nvim/init.lua:0
123.631  000.001  000.001: sourcing nvim_exec2() called at /home/freja/.config/nvim/init.lua:0
124.156  000.465  000.465: require('overseer')
124.376  000.051  000.051: require('overseer.enum')
124.381  000.110  000.059: require('overseer.constants')
124.568  000.114  000.114: require('overseer.files')
124.634  000.054  000.054: require('vim.deprecated.health')
124.873  000.490  000.322: require('overseer.log')
125.240  000.103  000.103: require('overseer.parser.lib')
125.315  000.073  000.073: require('overseer.template.vscode.variables')
125.349  000.374  000.198: require('overseer.template.vscode.problem_matcher')
125.410  000.059  000.059: require('overseer.template.vscode.vs_util')
125.416  000.542  000.109: require('overseer.template.vscode')
125.419  001.209  000.068: require('overseer.dap')
125.531  000.111  000.111: require('dap.ext.vscode')
125.597  000.064  000.064: require('overseer.json')
125.777  000.041  000.041: sourcing /home/freja/.local/share/nvim/lazy/nvim-colorizer.lua/plugin/colorizer.lua
125.781  000.072  000.031: sourcing nvim_exec2() called at /home/freja/.config/nvim/init.lua:0
125.788  000.003  000.003: sourcing nvim_exec2() called at /home/freja/.config/nvim/init.lua:0
125.798  000.001  000.001: sourcing nvim_exec2() called at /home/freja/.config/nvim/init.lua:0
126.392  000.066  000.066: require('colorizer.color')
126.443  000.049  000.049: require('colorizer.constants')
126.640  000.114  000.114: require('colorizer.trie')
126.924  000.208  000.208: require('colorizer.utils')
126.934  000.290  000.083: require('colorizer.parser.names')
126.995  000.059  000.059: require('colorizer.parser.argb_hex')
127.044  000.048  000.048: require('colorizer.parser.hsl')
127.095  000.049  000.049: require('colorizer.parser.rgb')
127.147  000.051  000.051: require('colorizer.parser.rgba_hex')
127.233  000.085  000.085: require('colorizer.sass')
127.481  000.246  000.246: require('colorizer.parser.xterm')
127.485  001.041  000.099: require('colorizer.matcher')
127.561  000.074  000.074: require('colorizer.tailwind')
127.569  001.358  000.128: require('colorizer.buffer')
127.649  000.079  000.079: require('colorizer.config')
127.673  001.843  000.405: require('colorizer')
127.852  000.051  000.051: require('colorizer.usercmds')
127.961  000.005  000.005: sourcing nvim_exec2() called at /home/freja/.config/nvim/init.lua:0
127.971  000.001  000.001: sourcing nvim_exec2() called at /home/freja/.config/nvim/init.lua:0
128.355  000.380  000.380: require('darken')
128.518  000.003  000.003: sourcing nvim_exec2() called at /home/freja/.config/nvim/init.lua:0
128.527  000.001  000.001: sourcing nvim_exec2() called at /home/freja/.config/nvim/init.lua:0
128.928  000.396  000.396: require('nvim-surround')
129.203  000.271  000.271: require('nvim-surround.config')
129.256  000.051  000.051: require('nvim-surround.input')
129.644  000.120  000.120: require('nvim-surround.buffer')
130.054  000.004  000.004: sourcing nvim_exec2() called at /home/freja/.config/nvim/init.lua:0
130.065  000.001  000.001: sourcing nvim_exec2() called at /home/freja/.config/nvim/init.lua:0
130.352  000.001  000.001: sourcing nvim_exec2() called at /home/freja/.config/nvim/init.lua:0
130.360  000.001  000.001: sourcing nvim_exec2() called at /home/freja/.config/nvim/init.lua:0
130.774  000.072  000.072: sourcing /home/freja/.local/share/nvim/lazy/FixCursorHold.nvim/plugin/fix_cursorhold_nvim.vim
130.778  000.102  000.030: sourcing nvim_exec2() called at /home/freja/.config/nvim/init.lua:0
130.783  000.002  000.002: sourcing nvim_exec2() called at /home/freja/.config/nvim/init.lua:0
130.792  000.001  000.001: sourcing nvim_exec2() called at /home/freja/.config/nvim/init.lua:0
131.236  000.164  000.164: sourcing /home/freja/.local/share/nvim/lazy/neotest/plugin/neotest.lua
131.245  000.224  000.060: sourcing nvim_exec2() called at /home/freja/.config/nvim/init.lua:0
131.257  000.004  000.004: sourcing nvim_exec2() called at /home/freja/.config/nvim/init.lua:0
131.270  000.001  000.001: sourcing nvim_exec2() called at /home/freja/.config/nvim/init.lua:0
131.929  000.038  000.038: sourcing nvim_exec2() called at /home/freja/.config/nvim/init.lua:0
131.975  000.258  000.220: require('neotest.config')
131.979  000.693  000.436: require('neotest')
132.218  000.087  000.087: require('neotest.async')
132.271  000.051  000.051: require('neotest-jest.compat')
132.433  000.089  000.089: require('neotest.lib.require')
132.463  000.191  000.102: require('neotest.lib')
132.603  000.074  000.074: require('neotest.utils')
132.654  000.190  000.116: require('neotest.logging')
132.818  000.162  000.162: require('neotest-jest.util')
133.129  000.309  000.309: require('neotest-jest.jest-util')
133.211  000.081  000.081: require('neotest-jest.parameterized-tests')
133.222  001.241  000.171: require('neotest-jest')
133.434  000.094  000.094: require('plenary.context_manager')
133.559  000.054  000.054: require('neotest-rust.util')
133.565  000.129  000.075: require('neotest-rust.dap')
133.655  000.051  000.051: require('neotest-rust.errors')
133.863  000.092  000.092: require('plenary.compat')
133.874  000.218  000.126: require('plenary.job')
134.136  000.146  000.146: require('neotest.lib.xml.parser')
134.156  000.226  000.080: require('neotest.lib.xml.internal')
134.209  000.051  000.051: require('neotest.lib.xml.tree')
134.212  000.336  000.059: require('neotest.lib.xml')
135.838  001.537  001.537: require('plenary.filetype')
136.025  000.062  000.062: require('neotest.lib.func_util.memoize')
136.028  000.187  000.125: require('neotest.lib.func_util')
136.176  000.090  000.090: require('neotest.types.tree')
136.238  000.060  000.060: require('neotest.types.fanout_accum')
136.239  000.210  000.060: require('neotest.types')
136.248  002.030  000.096: require('neotest.lib.file')
136.287  003.061  000.202: require('neotest-rust')
137.541  000.090  000.090: require('neotest.adapters')
138.873  000.260  000.260: require('neotest.client.events')
138.887  000.772  000.512: require('neotest.client.state')
139.202  000.313  000.313: require('neotest.client.runner')
139.497  000.293  000.293: require('neotest.client.strategies')
139.524  001.980  000.602: require('neotest.client')
139.932  000.242  000.242: require('neotest.consumers.run')
140.168  000.234  000.234: require('neotest.consumers.diagnostic')
140.481  000.312  000.312: require('neotest.consumers.status')
140.822  000.339  000.339: require('neotest.consumers.output')
141.181  000.195  000.195: require('neotest.consumers.output_panel.panel')
141.203  000.379  000.184: require('neotest.consumers.output_panel')
142.002  000.334  000.334: require('neotest.consumers.summary.canvas')
142.283  000.279  000.279: require('neotest.consumers.summary.component')
142.401  000.996  000.383: require('neotest.consumers.summary.summary')
142.496  001.292  000.296: require('neotest.consumers.summary')
142.716  000.218  000.218: require('neotest.consumers.jump')
143.052  000.003  000.003: require('jit.profile')
143.138  000.083  000.083: require('jit.vmdef')
143.145  000.162  000.076: require('plenary.profile.p')
143.147  000.274  000.112: require('plenary.profile')
143.150  000.432  000.158: require('neotest.consumers.benchmark')
143.194  000.042  000.042: require('neotest.consumers.quickfix')
143.278  000.039  000.039: require('neotest.consumers.state.tracker')
143.282  000.087  000.048: require('neotest.consumers.state')
143.372  000.045  000.045: require('neotest.consumers.watch.watcher')
143.379  000.095  000.050: require('neotest.consumers.watch')
143.381  003.841  000.168: require('neotest.consumers')
143.440  000.038  000.038: require('neotest.lib.window')
143.688  000.009  000.009: sourcing nvim_exec2() called at /home/freja/.config/nvim/init.lua:0
143.763  000.015  000.015: sourcing /home/freja/.local/share/nvim/lazy/wgsl.vim/ftdetect/wgsl.vim
143.767  000.045  000.029: sourcing nvim_exec2() called at /home/freja/.config/nvim/init.lua:0
143.771  000.001  000.001: sourcing nvim_exec2() called at /home/freja/.config/nvim/init.lua:0
143.952  000.046  000.046: sourcing /usr/local/share/nvim/runtime/plugin/editorconfig.lua
143.955  000.066  000.020: sourcing nvim_exec2() called at /home/freja/.config/nvim/init.lua:0
144.126  000.152  000.152: sourcing /usr/local/share/nvim/runtime/plugin/gzip.vim
144.129  000.169  000.017: sourcing nvim_exec2() called at /home/freja/.config/nvim/init.lua:0
144.198  000.049  000.049: sourcing /usr/local/share/nvim/runtime/plugin/man.lua
144.201  000.067  000.017: sourcing nvim_exec2() called at /home/freja/.config/nvim/init.lua:0
144.870  000.183  000.183: sourcing /usr/local/share/nvim/runtime/pack/dist/opt/matchit/plugin/matchit.vim
144.887  000.668  000.485: sourcing /usr/local/share/nvim/runtime/plugin/matchit.vim
144.889  000.685  000.017: sourcing nvim_exec2() called at /home/freja/.config/nvim/init.lua:0
145.032  000.120  000.120: sourcing /usr/local/share/nvim/runtime/plugin/matchparen.vim
145.036  000.139  000.019: sourcing nvim_exec2() called at /home/freja/.config/nvim/init.lua:0
145.064  000.008  000.008: sourcing /usr/local/share/nvim/runtime/plugin/netrwPlugin.vim
145.068  000.027  000.019: sourcing nvim_exec2() called at /home/freja/.config/nvim/init.lua:0
145.139  000.052  000.052: sourcing /usr/local/share/nvim/runtime/plugin/nvim/net.lua
145.141  000.070  000.018: sourcing nvim_exec2() called at /home/freja/.config/nvim/init.lua:0
145.198  000.039  000.039: sourcing /usr/local/share/nvim/runtime/plugin/osc52.lua
145.200  000.055  000.016: sourcing nvim_exec2() called at /home/freja/.config/nvim/init.lua:0
145.660  000.441  000.441: sourcing /usr/local/share/nvim/runtime/plugin/rplugin.vim
145.663  000.458  000.017: sourcing nvim_exec2() called at /home/freja/.config/nvim/init.lua:0
145.762  000.075  000.075: sourcing /usr/local/share/nvim/runtime/plugin/shada.lua
145.765  000.095  000.020: sourcing nvim_exec2() called at /home/freja/.config/nvim/init.lua:0
145.793  000.006  000.006: sourcing /usr/local/share/nvim/runtime/plugin/shada.vim
145.796  000.027  000.021: sourcing nvim_exec2() called at /home/freja/.config/nvim/init.lua:0
145.828  000.014  000.014: sourcing /usr/local/share/nvim/runtime/plugin/spellfile.vim
145.830  000.030  000.016: sourcing nvim_exec2() called at /home/freja/.config/nvim/init.lua:0
145.925  000.079  000.079: sourcing /usr/local/share/nvim/runtime/plugin/tarPlugin.vim
145.927  000.094  000.016: sourcing nvim_exec2() called at /home/freja/.config/nvim/init.lua:0
145.979  000.033  000.033: sourcing /usr/local/share/nvim/runtime/plugin/tohtml.lua
145.981  000.050  000.017: sourcing nvim_exec2() called at /home/freja/.config/nvim/init.lua:0
146.013  000.015  000.015: sourcing /usr/local/share/nvim/runtime/plugin/tutor.vim
146.015  000.031  000.016: sourcing nvim_exec2() called at /home/freja/.config/nvim/init.lua:0
146.136  000.104  000.104: sourcing /usr/local/share/nvim/runtime/plugin/zipPlugin.vim
146.138  000.119  000.016: sourcing nvim_exec2() called at /home/freja/.config/nvim/init.lua:0
146.442  139.719  052.972: require('config.lazy')
146.559  000.061  000.061: require('config.keymaps.diagnostics')
146.696  000.135  000.135: require('config.keymaps.windows')
146.977  000.280  000.280: require('config.keymaps.misc')
147.115  000.135  000.135: require('config.keymaps.folding')
147.154  000.037  000.037: require('config.keymaps.search')
147.155  000.711  000.063: require('config.keymap')
150.015  002.859  002.859: require('config.devicons')
150.168  000.068  000.068: require('config.dev_utils')
150.231  000.009  000.009: sourcing nvim_exec2() called at /home/freja/.config/nvim/init.lua:0
150.237  000.003  000.003: sourcing nvim_exec2() called at /home/freja/.config/nvim/init.lua:0
150.243  000.003  000.003: sourcing nvim_exec2() called at /home/freja/.config/nvim/init.lua:0
150.246  000.002  000.002: sourcing nvim_exec2() called at /home/freja/.config/nvim/init.lua:0
150.300  000.021  000.021: sourcing nvim_exec2() called at /home/freja/.config/nvim/init.lua:0
150.312  000.008  000.008: sourcing nvim_exec2() called at /home/freja/.config/nvim/init.lua:0
150.315  000.145  000.098: require('config.commands')
150.351  000.035  000.035: require('config.clean_fold')
150.425  000.072  000.072: require('config.autocommands')
150.456  000.030  000.030: require('config.profile')
150.458  144.613  000.173: sourcing /home/freja/.config/nvim/init.lua
150.478  000.862: sourcing vimrc file(s)
151.275  000.032  000.032: sourcing /usr/local/share/nvim/runtime/filetype.lua
151.603  000.067  000.067: sourcing /usr/local/share/nvim/runtime/syntax/synload.vim
151.692  000.330  000.263: sourcing /usr/local/share/nvim/runtime/syntax/syntax.vim
151.712  000.872: inits 3
155.079  003.368: reading ShaDa
156.621  000.748  000.748: require('vim.filetype.detect')
157.137  000.058  000.058: require('blink.pairs.utils')
157.196  000.056  000.056: require('blink.pairs.rule')
157.200  000.248  000.134: require('blink.pairs.mappings')
157.298  000.046  000.046: require('blink.pairs.config.utils')
157.359  000.060  000.060: require('blink.pairs.config.mappings')
157.408  000.047  000.047: require('blink.pairs.config.highlights')
157.410  000.208  000.056: require('blink.pairs.config')
157.672  000.004  000.004: sourcing nvim_exec2() called at BufEnter Autocommands for "*":0
157.931  000.003  000.003: sourcing nvim_exec2() called at BufWinEnter Autocommands for "*":0
157.940  000.001  000.001: sourcing nvim_exec2() called at BufWinEnter Autocommands for "*":0
158.367  000.419  000.419: require('aerial')
158.645  000.014  000.014: sourcing nvim_exec2() called at BufWinEnter Autocommands for "*":0
158.706  001.981: reading stdin
158.723  000.016: opening buffers
158.980  000.002  000.002: sourcing nvim_exec2() called at BufEnter Autocommands for "*":0
159.108  000.123  000.123: require('aerial.config')
160.307  000.868  000.868: require('mini.icons')
160.450  000.065  000.065: require('aerial.highlight')
160.666  000.067  000.067: require('aerial.util')
160.669  000.123  000.056: require('aerial.autocommands')
160.684  000.779: BufEnter autocommands
160.686  000.002: editing files in windows
160.866  000.071  000.071: require('dap.ui')
160.880  000.176  000.105: require('dap.repl')
160.884  000.021: --- NVIM STARTED ---

